SuperG_SDK Demo app/proguard/mapping.txt
com.cliqdigital.superg.dev_demo.Glass -> com.cliqdigital.superg.dev_demo.a:
    android.graphics.Matrix mMatrix -> d
    android.widget.ImageView iv -> e
    android.widget.FrameLayout fl -> f
    java.lang.String tag -> g
    float CurrentAlpha -> h
    double CurrentScale -> i
    java.lang.Boolean STRICT_BOUNDS -> j
    int TOTAL_TRANSLATION_X -> k
    int TOTAL_TRANSLATION_Y -> l
    double RESPONSIVENESS_MULTIPLIER_X -> a
    double RESPONSIVENESS_MULTIPLIER_Y -> b
    double SCALE -> c
    float timestamp -> m
    android.hardware.SensorManager mSensorManager -> n
    android.hardware.Sensor mSensor -> o
    android.content.Context context -> p
    android.content.Context Glass_Context -> q
    android.hardware.SensorEventListener mySensorEventListener -> r
    void start() -> a
    void stop() -> b
    void scale(double) -> a
    android.view.Display getDisplay() -> c
    float access$0(com.cliqdigital.superg.dev_demo.Glass) -> a
    void access$1(com.cliqdigital.superg.dev_demo.Glass,int,int) -> a
    void access$2(com.cliqdigital.superg.dev_demo.Glass,float) -> a
com.cliqdigital.superg.dev_demo.Glass$1 -> com.cliqdigital.superg.dev_demo.b:
    com.cliqdigital.superg.dev_demo.Glass this$0 -> a
    void onAccuracyChanged(android.hardware.Sensor,int) -> onAccuracyChanged
    void onSensorChanged(android.hardware.SensorEvent) -> onSensorChanged
com.cliqdigital.superg.dev_demo.SuperGTest -> com.cliqdigital.superg.dev_demo.SuperGTest:
    java.lang.String sid -> b
    java.lang.String client_id -> c
    int gameOrientation -> d
    int superGOrientation -> e
    boolean showButtonClose -> f
    double buttonWidth -> g
    java.lang.String tablet_Inline_zoneid -> h
    java.lang.String tablet_Inline_secret -> i
    java.lang.String tablet_Overlay_zoneid -> j
    java.lang.String tablet_Overlay_secret -> k
    java.lang.String tablet_Interstitial_zoneid -> l
    java.lang.String tablet_Interstitial_secret -> m
    java.lang.String phone_Inline_zoneid -> n
    java.lang.String phone_Inline_secret -> o
    java.lang.String phone_Overlay_zoneid -> p
    java.lang.String phone_Overlay_secret -> q
    java.lang.String phone_Interstitial_zoneid -> r
    java.lang.String phone_Interstitial_secret -> s
    int updateTimeInterval -> t
    int showCloseButtonTime -> u
    java.lang.String action -> v
    java.lang.String appsFlyerKey -> w
    java.lang.Boolean debug -> x
    java.lang.String registerUrl -> y
    int hideThumbrCloseButton -> z
    java.lang.String SDKLayout -> A
    java.lang.String country -> B
    java.lang.String locale -> C
    java.lang.String appsFlyerId -> D
    com.cliqdigital.supergsdk.SuperG superG -> a
    android.view.View bt -> E
    com.cliqdigital.superg.dev_demo.Glass g -> F
    void onPause() -> onPause
    void onResume() -> onResume
    void onCreate(android.os.Bundle) -> onCreate
com.cliqdigital.superg.dev_demo.SuperGTest$1 -> com.cliqdigital.superg.dev_demo.c:
    com.cliqdigital.superg.dev_demo.SuperGTest this$0 -> a
    void onEvent() -> a
com.cliqdigital.superg.dev_demo.SuperGTest$2 -> com.cliqdigital.superg.dev_demo.d:
    com.cliqdigital.superg.dev_demo.SuperGTest this$0 -> a
    void onPushEvent(android.content.Intent) -> a
com.cliqdigital.superg.dev_demo.SuperGTest$3 -> com.cliqdigital.superg.dev_demo.e:
    com.cliqdigital.superg.dev_demo.SuperGTest this$0 -> a
    void run() -> run
...
com.google.adgoji.internal.bind.TypeAdapters$28 -> com.google.a.b.a.at:
    java.lang.Class val$type -> a
    com.google.adgoji.TypeAdapter val$typeAdapter -> b
    com.google.adgoji.TypeAdapter create(com.google.adgoji.Gson,com.google.adgoji.reflect.TypeToken) -> a
    java.lang.String toString() -> toString
com.google.adgoji.internal.bind.TypeAdapters$29 -> com.google.a.b.a.au:
    java.lang.Class val$unboxed -> a
    java.lang.Class val$boxed -> b
    com.google.adgoji.TypeAdapter val$typeAdapter -> c
    com.google.adgoji.TypeAdapter create(com.google.adgoji.Gson,com.google.adgoji.reflect.TypeToken) -> a
    java.lang.String toString() -> toString
com.google.adgoji.internal.bind.TypeAdapters$3 -> com.google.a.b.a.av:
    java.lang.Object read(com.google.adgoji.stream.JsonReader) -> a
    void write(com.google.adgoji.stream.JsonWriter,java.lang.Object) -> a
com.google.adgoji.internal.bind.TypeAdapters$30 -> com.google.a.b.a.aw:
    java.lang.Class val$base -> a
    java.lang.Class val$sub -> b
    com.google.adgoji.TypeAdapter val$typeAdapter -> c
    com.google.adgoji.TypeAdapter create(com.google.adgoji.Gson,com.google.adgoji.reflect.TypeToken) -> a
    java.lang.String toString() -> toString
com.google.adgoji.internal.bind.TypeAdapters$31 -> com.google.a.b.a.ax:
    java.lang.Class val$clazz -> a
    com.google.adgoji.TypeAdapter val$typeAdapter -> b
    com.google.adgoji.TypeAdapter create(com.google.adgoji.Gson,com.google.adgoji.reflect.TypeToken) -> a
    java.lang.String toString() -> toString
com.google.adgoji.internal.bind.TypeAdapters$32 -> com.google.a.b.a.ay:
    int[] $SwitchMap$com$google$gson$stream$JsonToken -> a
com.google.adgoji.internal.bind.TypeAdapters$4 -> com.google.a.b.a.az:
    java.lang.Object read(com.google.adgoji.stream.JsonReader) -> a
    void write(com.google.adgoji.stream.JsonWriter,java.lang.Object) -> a
com.google.adgoji.internal.bind.TypeAdapters$5 -> com.google.a.b.a.ba:
    java.lang.Number read(com.google.adgoji.stream.JsonReader) -> b
    java.lang.Object read(com.google.adgoji.stream.JsonReader) -> a
    void write(com.google.adgoji.stream.JsonWriter,java.lang.Object) -> a
com.google.adgoji.internal.bind.TypeAdapters$6 -> com.google.a.b.a.bb:
    java.lang.Number read(com.google.adgoji.stream.JsonReader) -> b
    java.lang.Object read(com.google.adgoji.stream.JsonReader) -> a
    void write(com.google.adgoji.stream.JsonWriter,java.lang.Object) -> a
com.google.adgoji.internal.bind.TypeAdapters$7 -> com.google.a.b.a.bc:
    java.lang.Number read(com.google.adgoji.stream.JsonReader) -> b
    java.lang.Object read(com.google.adgoji.stream.JsonReader) -> a
    void write(com.google.adgoji.stream.JsonWriter,java.lang.Object) -> a
com.google.adgoji.internal.bind.TypeAdapters$8 -> com.google.a.b.a.bd:
    java.lang.Number read(com.google.adgoji.stream.JsonReader) -> b
    java.lang.Object read(com.google.adgoji.stream.JsonReader) -> a
    void write(com.google.adgoji.stream.JsonWriter,java.lang.Object) -> a
com.google.adgoji.internal.bind.TypeAdapters$9 -> com.google.a.b.a.be:
    java.lang.Object read(com.google.adgoji.stream.JsonReader) -> a
    void write(com.google.adgoji.stream.JsonWriter,java.lang.Object) -> a
com.google.adgoji.internal.bind.TypeAdapters$EnumTypeAdapter -> com.google.a.b.a.bf:
    java.util.Map nameToConstant -> a
    java.util.Map constantToName -> b
    java.lang.Object read(com.google.adgoji.stream.JsonReader) -> a
    void write(com.google.adgoji.stream.JsonWriter,java.lang.Object) -> a