SuperG_SDK Demo app/proguard/usage.txt
com.cliqdigital.superg.dev_demo.BuildConfig
com.cliqdigital.superg.dev_demo.Glass:
    public static final double DEFAULT_SCALE
    public static final java.lang.String DEFAULT_DIM_COLOR
    public static final double DEFAULT_RESPONSIVENESS_MULTIPLIER
com.cliqdigital.superg.dev_demo.Manifest
com.cliqdigital.superg.dev_demo.Manifest$permission
com.cliqdigital.superg.dev_demo.R
com.cliqdigital.superg.dev_demo.R$anim
com.cliqdigital.superg.dev_demo.R$attr
com.cliqdigital.superg.dev_demo.R$color
com.cliqdigital.superg.dev_demo.R$dimen
com.cliqdigital.superg.dev_demo.R$drawable
com.cliqdigital.superg.dev_demo.R$id
com.cliqdigital.superg.dev_demo.R$layout
com.cliqdigital.superg.dev_demo.R$raw
com.cliqdigital.superg.dev_demo.R$string
com.cliqdigital.superg.dev_demo.R$style
com.cliqdigital.superg.dev_demo.SuperGTest:
    private static final java.lang.String TAG
...
com.google.gson.internal.bind.TimeTypeAdapter
com.google.gson.internal.bind.TimeTypeAdapter$1
com.google.gson.internal.bind.TypeAdapterRuntimeTypeWrapper
com.google.gson.internal.bind.TypeAdapters
com.google.gson.internal.bind.TypeAdapters$1
com.google.gson.internal.bind.TypeAdapters$10
com.google.gson.internal.bind.TypeAdapters$11
com.google.gson.internal.bind.TypeAdapters$12
com.google.gson.internal.bind.TypeAdapters$13
com.google.gson.internal.bind.TypeAdapters$14
com.google.gson.internal.bind.TypeAdapters$15
com.google.gson.internal.bind.TypeAdapters$16
com.google.gson.internal.bind.TypeAdapters$17
com.google.gson.internal.bind.TypeAdapters$18
com.google.gson.internal.bind.TypeAdapters$19
com.google.gson.internal.bind.TypeAdapters$2
com.google.gson.internal.bind.TypeAdapters$20
com.google.gson.internal.bind.TypeAdapters$21
com.google.gson.internal.bind.TypeAdapters$22
com.google.gson.internal.bind.TypeAdapters$22$1
com.google.gson.internal.bind.TypeAdapters$23
com.google.gson.internal.bind.TypeAdapters$24
com.google.gson.internal.bind.TypeAdapters$25
com.google.gson.internal.bind.TypeAdapters$26
com.google.gson.internal.bind.TypeAdapters$27
com.google.gson.internal.bind.TypeAdapters$28
com.google.gson.internal.bind.TypeAdapters$29
com.google.gson.internal.bind.TypeAdapters$3
com.google.gson.internal.bind.TypeAdapters$30
com.google.gson.internal.bind.TypeAdapters$31
com.google.gson.internal.bind.TypeAdapters$32
com.google.gson.internal.bind.TypeAdapters$4
com.google.gson.internal.bind.TypeAdapters$5
com.google.gson.internal.bind.TypeAdapters$6
com.google.gson.internal.bind.TypeAdapters$7
com.google.gson.internal.bind.TypeAdapters$8
com.google.gson.internal.bind.TypeAdapters$9
com.google.gson.internal.bind.TypeAdapters$EnumTypeAdapter
com.google.gson.reflect.TypeToken
com.google.gson.stream.JsonReader
com.google.gson.stream.JsonReader$1
com.google.gson.stream.JsonScope
com.google.gson.stream.JsonToken
com.google.gson.stream.JsonWriter
com.google.gson.stream.MalformedJsonException
com.nineoldandroids.animation.Animator
com.nineoldandroids.animation.Animator$AnimatorListener
com.nineoldandroids.animation.AnimatorInflater
com.nineoldandroids.animation.AnimatorListenerAdapter
com.nineoldandroids.animation.AnimatorSet
com.nineoldandroids.animation.AnimatorSet$1
com.nineoldandroids.animation.AnimatorSet$AnimatorSetListener
com.nineoldandroids.animation.AnimatorSet$Builder
com.nineoldandroids.animation.AnimatorSet$Dependency
com.nineoldandroids.animation.AnimatorSet$DependencyListener
com.nineoldandroids.animation.AnimatorSet$Node
com.nineoldandroids.animation.ArgbEvaluator
com.nineoldandroids.animation.FloatEvaluator
com.nineoldandroids.animation.FloatKeyframeSet
com.nineoldandroids.animation.IntEvaluator
com.nineoldandroids.animation.IntKeyframeSet
com.nineoldandroids.animation.Keyframe
com.nineoldandroids.animation.Keyframe$FloatKeyframe
com.nineoldandroids.animation.Keyframe$IntKeyframe
com.nineoldandroids.animation.Keyframe$ObjectKeyframe
com.nineoldandroids.animation.KeyframeSet
com.nineoldandroids.animation.ObjectAnimator
com.nineoldandroids.animation.PreHoneycombCompat
com.nineoldandroids.animation.PreHoneycombCompat$1
com.nineoldandroids.animation.PreHoneycombCompat$10
com.nineoldandroids.animation.PreHoneycombCompat$11
com.nineoldandroids.animation.PreHoneycombCompat$12
com.nineoldandroids.animation.PreHoneycombCompat$13
com.nineoldandroids.animation.PreHoneycombCompat$14
com.nineoldandroids.animation.PreHoneycombCompat$2
com.nineoldandroids.animation.PreHoneycombCompat$3
com.nineoldandroids.animation.PreHoneycombCompat$4
com.nineoldandroids.animation.PreHoneycombCompat$5
com.nineoldandroids.animation.PreHoneycombCompat$6
com.nineoldandroids.animation.PreHoneycombCompat$7
com.nineoldandroids.animation.PreHoneycombCompat$8
com.nineoldandroids.animation.PreHoneycombCompat$9
com.nineoldandroids.animation.PropertyValuesHolder
com.nineoldandroids.animation.PropertyValuesHolder$1